<?xml version="1.0" encoding="UTF-8"?>
<!-- Generated by org.testng.reporters.JUnitReportReporter -->
<testsuite hostname="Lenovo-IP3-Ci3-New-256SSD-1TB" failures="0" tests="1" name="com.simpleannotation.SimpleAnotation" time="0.009" errors="0" timestamp="2024-01-04T20:28:52 IST" skipped="0">
  <testcase classname="com.simpleannotation.SimpleAnotation" name="Afi" time="0.009"/>
</testsuite> <!-- com.simpleannotation.SimpleAnotation -->
