<?xml version="1.0" encoding="UTF-8"?>
<!-- Generated by org.testng.reporters.JUnitReportReporter -->
<testsuite hostname="Lenovo-IP3-Ci3-New-256SSD-1TB" failures="0" tests="3" name="com.parellel_practice.Parellel_Practice" time="27.883" errors="0" timestamp="2024-01-10T16:15:16 IST" skipped="0">
  <testcase classname="com.parellel_practice.Parellel_Practice" name="OrangeHrmlogin" time="13.192"/>
  <testcase classname="com.parellel_practice.Parellel_Practice" name="Adactin_login" time="8.555"/>
  <testcase classname="com.parellel_practice.Parellel_Practice" name="google" time="6.136"/>
</testsuite> <!-- com.parellel_practice.Parellel_Practice -->
