<?xml version="1.0" encoding="UTF-8"?>
<!-- Generated by org.testng.reporters.JUnitReportReporter -->
<testsuite hostname="Lenovo-IP3-Ci3-New-256SSD-1TB" failures="0" tests="3" name="com.Crossbrowser.Cross_browser" time="22.229" errors="0" timestamp="2024-01-08T00:01:07 IST" skipped="0">
  <testcase classname="com.Crossbrowser.Cross_browser" name="Adactin_login" time="9.711"/>
  <testcase classname="com.Crossbrowser.Cross_browser" name="Adactin_login" time="2.878"/>
  <testcase classname="com.Crossbrowser.Cross_browser" name="Adactin_login" time="9.640"/>
</testsuite> <!-- com.Crossbrowser.Cross_browser -->
