<?xml version="1.0" encoding="UTF-8"?>
<!-- Generated by org.testng.reporters.JUnitReportReporter -->
<testsuite hostname="Lenovo-IP3-Ci3-New-256SSD-1TB" failures="0" tests="2" name="com.Grouping.Grouping_practice" time="8.115" errors="0" timestamp="2024-01-06T12:26:01 IST" skipped="0">
  <testcase classname="com.Grouping.Grouping_practice" name="OrangeHrmlogin" time="4.232"/>
  <testcase classname="com.Grouping.Grouping_practice" name="Adactin_login" time="3.883"/>
</testsuite> <!-- com.Grouping.Grouping_practice -->
