<?xml version="1.0" encoding="UTF-8"?>
<!-- Generated by org.testng.reporters.JUnitReportReporter -->
<testsuite hostname="Lenovo-IP3-Ci3-New-256SSD-1TB" failures="0" tests="3" name="com.Ignore_practice.Ignore_practice" time="0.016" errors="0" timestamp="2024-01-03T21:14:40 IST" skipped="1">
  <testcase classname="com.Ignore_practice.Ignore_practice" name="CTestcase1" time="0.004"/>
  <testcase classname="com.Ignore_practice.Ignore_practice" name="BTestcase2" time="0.012"/>
  <testcase classname="com.Ignore_practice.Ignore_practice" name="ATestcase3">
    <skipped/>
  </testcase> <!-- ATestcase3 -->
</testsuite> <!-- com.Ignore_practice.Ignore_practice -->
