<?xml version="1.0" encoding="UTF-8"?>
<!-- Generated by org.testng.reporters.JUnitReportReporter -->
<testsuite hostname="Lenovo-IP3-Ci3-New-256SSD-1TB" failures="0" tests="2" name="com.crossbrow.Cross_brow" time="26.190" errors="0" timestamp="2024-01-06T12:43:00 IST" skipped="0">
  <testcase classname="com.crossbrow.Cross_brow" name="whatsapp" time="3.093"/>
  <testcase classname="com.crossbrow.Cross_brow" name="telegram" time="23.097"/>
</testsuite> <!-- com.crossbrow.Cross_brow -->
