<?xml version="1.0" encoding="UTF-8"?>
<!-- Generated by org.testng.reporters.JUnitReportReporter -->
<testsuite hostname="Lenovo-IP3-Ci3-New-256SSD-1TB" failures="0" tests="15" name="com.practice.Practice_all" time="11.683" errors="0" timestamp="2024-01-06T00:29:52 IST" skipped="0">
  <testcase classname="com.practice.Practice_all" name="googlelaunch" time="0.709"/>
  <testcase classname="com.practice.Practice_all" name="googlelaunch" time="0.689"/>
  <testcase classname="com.practice.Practice_all" name="googlelaunch" time="0.461"/>
  <testcase classname="com.practice.Practice_all" name="googlelaunch" time="1.473"/>
  <testcase classname="com.practice.Practice_all" name="googlelaunch" time="0.350"/>
  <testcase classname="com.practice.Practice_all" name="googlelaunch" time="0.540"/>
  <testcase classname="com.practice.Practice_all" name="googlelaunch" time="0.485"/>
  <testcase classname="com.practice.Practice_all" name="googlelaunch" time="0.505"/>
  <testcase classname="com.practice.Practice_all" name="googlelaunch" time="0.570"/>
  <testcase classname="com.practice.Practice_all" name="googlelaunch" time="0.824"/>
  <testcase classname="com.practice.Practice_all" name="facebooklaunch" time="1.077"/>
  <testcase classname="com.practice.Practice_all" name="facebooklaunch" time="0.798"/>
  <testcase classname="com.practice.Practice_all" name="facebooklaunch" time="0.609"/>
  <testcase classname="com.practice.Practice_all" name="meesholaunch" time="1.126"/>
  <testcase classname="com.practice.Practice_all" name="Amazonlaunch" time="1.467"/>
</testsuite> <!-- com.practice.Practice_all -->
